File exists: data/shareInfo.dat
Listening on port 3000

Accepted: 0, Rejected: 0, Stale: 0

ERROR:: Node is probably offline: Error: connect ECONNREFUSED 127.0.0.1:1984

=========================
LOG HASHRATE LENGTH: -1

Current Hashrate: 0 h/s
Average Hashrate: 0 h/s
Total Hashrate: 0

arweaveNet: n/a
netVersion: n/a
netRelease: n/a
Num Peers: n/a

ERROR:: Node is probably offline: Error: connect ECONNREFUSED 127.0.0.1:1984

=========================
LOG HASHRATE LENGTH: -1

Current Hashrate: 0 h/s
Average Hashrate: 0 h/s
Total Hashrate: 0

arweaveNet: n/a
netVersion: n/a
netRelease: n/a
Num Peers: n/a


Accepted: 0, Rejected: 0, Stale: 0

ERROR:: Node is probably offline: Error: connect ECONNREFUSED 127.0.0.1:1984

=========================
LOG HASHRATE LENGTH: -1

Current Hashrate: 0 h/s
Average Hashrate: 0 h/s
Total Hashrate: 0

arweaveNet: n/a
netVersion: n/a
netRelease: n/a
Num Peers: n/a


Accepted: 0, Rejected: 0, Stale: 0

ERROR:: Node is probably offline: Error: connect ECONNREFUSED 127.0.0.1:1984

=========================
LOG HASHRATE LENGTH: -1

Current Hashrate: 0 h/s
Average Hashrate: 0 h/s
Total Hashrate: 0

arweaveNet: n/a
netVersion: n/a
netRelease: n/a
Num Peers: n/a


Accepted: 0, Rejected: 0, Stale: 0

ERROR:: Node is probably offline: Error: connect ECONNREFUSED 127.0.0.1:1984

=========================
LOG HASHRATE LENGTH: -1

Current Hashrate: 0 h/s
Average Hashrate: 0 h/s
Total Hashrate: 0

arweaveNet: n/a
netVersion: n/a
netRelease: n/a
Num Peers: n/a


Accepted: 0, Rejected: 0, Stale: 0

ERROR:: Node is probably offline: Error: connect ECONNREFUSED 127.0.0.1:1984

=========================
LOG HASHRATE LENGTH: -1

Current Hashrate: 0 h/s
Average Hashrate: 0 h/s
Total Hashrate: 0

arweaveNet: n/a
netVersion: n/a
netRelease: n/a
Num Peers: n/a

ERROR:: Node is probably offline: Error: connect ECONNREFUSED 127.0.0.1:1984

=========================
LOG HASHRATE LENGTH: -1

Current Hashrate: 0 h/s
Average Hashrate: 0 h/s
Total Hashrate: 0

arweaveNet: n/a
netVersion: n/a
netRelease: n/a
Num Peers: n/a


Accepted: 0, Rejected: 0, Stale: 0

ERROR:: Node is probably offline: Error: connect ECONNREFUSED 127.0.0.1:1984

=========================
LOG HASHRATE LENGTH: -1

Current Hashrate: 0 h/s
Average Hashrate: 0 h/s
Total Hashrate: 0

arweaveNet: n/a
netVersion: n/a
netRelease: n/a
Num Peers: n/a


Accepted: 0, Rejected: 0, Stale: 0

ERROR:: Node is probably offline: Error: connect ECONNREFUSED 127.0.0.1:1984

=========================
LOG HASHRATE LENGTH: -1

Current Hashrate: 0 h/s
Average Hashrate: 0 h/s
Total Hashrate: 0

arweaveNet: n/a
netVersion: n/a
netRelease: n/a
Num Peers: n/a


Accepted: 0, Rejected: 0, Stale: 0

ERROR:: Node is probably offline: Error: connect ECONNREFUSED 127.0.0.1:1984

=========================
LOG HASHRATE LENGTH: -1

Current Hashrate: 0 h/s
Average Hashrate: 0 h/s
Total Hashrate: 0

arweaveNet: n/a
netVersion: n/a
netRelease: n/a
Num Peers: n/a


Accepted: 0, Rejected: 0, Stale: 0

ERROR:: Node is probably offline: Error: connect ECONNREFUSED 127.0.0.1:1984

=========================
LOG HASHRATE LENGTH: -1

Current Hashrate: 0 h/s
Average Hashrate: 0 h/s
Total Hashrate: 0

arweaveNet: n/a
netVersion: n/a
netRelease: n/a
Num Peers: n/a


Accepted: 0, Rejected: 0, Stale: 0

ERROR:: Node is probably offline: Error: connect ECONNREFUSED 127.0.0.1:1984

=========================
LOG HASHRATE LENGTH: -1

Current Hashrate: 0 h/s
Average Hashrate: 0 h/s
Total Hashrate: 0

arweaveNet: n/a
netVersion: n/a
netRelease: n/a
Num Peers: n/a


Accepted: 0, Rejected: 0, Stale: 0

ERROR:: Node is probably offline: Error: connect ECONNREFUSED 127.0.0.1:1984

=========================
LOG HASHRATE LENGTH: -1

Current Hashrate: 0 h/s
Average Hashrate: 0 h/s
Total Hashrate: 0

arweaveNet: n/a
netVersion: n/a
netRelease: n/a
Num Peers: n/a

ERROR:: Node is probably offline: Error: connect ECONNREFUSED 127.0.0.1:1984

=========================
LOG HASHRATE LENGTH: -1

Current Hashrate: 0 h/s
Average Hashrate: 0 h/s
Total Hashrate: 0

arweaveNet: n/a
netVersion: n/a
netRelease: n/a
Num Peers: n/a


Accepted: 0, Rejected: 0, Stale: 0

ERROR:: Node is probably offline: Error: connect ECONNREFUSED 127.0.0.1:1984

=========================
LOG HASHRATE LENGTH: -1

Current Hashrate: 0 h/s
Average Hashrate: 0 h/s
Total Hashrate: 0

arweaveNet: n/a
netVersion: n/a
netRelease: n/a
Num Peers: n/a


Accepted: 0, Rejected: 0, Stale: 0

ERROR:: Node is probably offline: Error: connect ECONNREFUSED 127.0.0.1:1984

=========================
LOG HASHRATE LENGTH: -1

Current Hashrate: 0 h/s
Average Hashrate: 0 h/s
Total Hashrate: 0

arweaveNet: n/a
netVersion: n/a
netRelease: n/a
Num Peers: n/a


Accepted: 0, Rejected: 0, Stale: 0

ERROR:: Node is probably offline: Error: connect ECONNREFUSED 127.0.0.1:1984

=========================
LOG HASHRATE LENGTH: -1

Current Hashrate: 0 h/s
Average Hashrate: 0 h/s
Total Hashrate: 0

arweaveNet: n/a
netVersion: n/a
netRelease: n/a
Num Peers: n/a


Accepted: 0, Rejected: 0, Stale: 0

ERROR:: Node is probably offline: Error: connect ECONNREFUSED 127.0.0.1:1984

=========================
LOG HASHRATE LENGTH: -1

Current Hashrate: 0 h/s
Average Hashrate: 0 h/s
Total Hashrate: 0

arweaveNet: n/a
netVersion: n/a
netRelease: n/a
Num Peers: n/a


Accepted: 0, Rejected: 0, Stale: 0

ERROR:: Node is probably offline: Error: connect ECONNREFUSED 127.0.0.1:1984

=========================
LOG HASHRATE LENGTH: -1

Current Hashrate: 0 h/s
Average Hashrate: 0 h/s
Total Hashrate: 0

arweaveNet: n/a
netVersion: n/a
netRelease: n/a
Num Peers: n/a

ERROR:: Node is probably offline: Error: connect ECONNREFUSED 127.0.0.1:1984

=========================
LOG HASHRATE LENGTH: -1

Current Hashrate: 0 h/s
Average Hashrate: 0 h/s
Total Hashrate: 0

arweaveNet: n/a
netVersion: n/a
netRelease: n/a
Num Peers: n/a


Accepted: 0, Rejected: 0, Stale: 0

ERROR:: Node is probably offline: Error: connect ECONNREFUSED 127.0.0.1:1984

=========================
LOG HASHRATE LENGTH: -1

Current Hashrate: 0 h/s
Average Hashrate: 0 h/s
Total Hashrate: 0

arweaveNet: n/a
netVersion: n/a
netRelease: n/a
Num Peers: n/a


Accepted: 0, Rejected: 0, Stale: 0

ERROR:: Node is probably offline: Error: connect ECONNREFUSED 127.0.0.1:1984

=========================
LOG HASHRATE LENGTH: -1

Current Hashrate: 0 h/s
Average Hashrate: 0 h/s
Total Hashrate: 0

arweaveNet: n/a
netVersion: n/a
netRelease: n/a
Num Peers: n/a


Accepted: 0, Rejected: 0, Stale: 0

ERROR:: Node is probably offline: Error: connect ECONNREFUSED 127.0.0.1:1984

=========================
LOG HASHRATE LENGTH: -1

Current Hashrate: 0 h/s
Average Hashrate: 0 h/s
Total Hashrate: 0

arweaveNet: n/a
netVersion: n/a
netRelease: n/a
Num Peers: n/a


Accepted: 0, Rejected: 0, Stale: 0

ERROR:: Node is probably offline: Error: connect ECONNREFUSED 127.0.0.1:1984

=========================
LOG HASHRATE LENGTH: -1

Current Hashrate: 0 h/s
Average Hashrate: 0 h/s
Total Hashrate: 0

arweaveNet: n/a
netVersion: n/a
netRelease: n/a
Num Peers: n/a


Accepted: 0, Rejected: 0, Stale: 0

ERROR:: Node is probably offline: Error: connect ECONNREFUSED 127.0.0.1:1984

=========================
LOG HASHRATE LENGTH: -1

Current Hashrate: 0 h/s
Average Hashrate: 0 h/s
Total Hashrate: 0

arweaveNet: n/a
netVersion: n/a
netRelease: n/a
Num Peers: n/a

ERROR:: Node is probably offline: Error: connect ECONNREFUSED 127.0.0.1:1984

=========================
LOG HASHRATE LENGTH: -1

Current Hashrate: 0 h/s
Average Hashrate: 0 h/s
Total Hashrate: 0

arweaveNet: n/a
netVersion: n/a
netRelease: n/a
Num Peers: n/a


Accepted: 0, Rejected: 0, Stale: 0

ERROR:: Node is probably offline: Error: connect ECONNREFUSED 127.0.0.1:1984

=========================
LOG HASHRATE LENGTH: -1

Current Hashrate: 0 h/s
Average Hashrate: 0 h/s
Total Hashrate: 0

arweaveNet: n/a
netVersion: n/a
netRelease: n/a
Num Peers: n/a


Accepted: 0, Rejected: 0, Stale: 0

ERROR:: Node is probably offline: Error: connect ECONNREFUSED 127.0.0.1:1984

=========================
LOG HASHRATE LENGTH: -1

Current Hashrate: 0 h/s
Average Hashrate: 0 h/s
Total Hashrate: 0

arweaveNet: n/a
netVersion: n/a
netRelease: n/a
Num Peers: n/a


Accepted: 0, Rejected: 0, Stale: 0

ERROR:: Node is probably offline: Error: connect ECONNREFUSED 127.0.0.1:1984

=========================
LOG HASHRATE LENGTH: -1

Current Hashrate: 0 h/s
Average Hashrate: 0 h/s
Total Hashrate: 0

arweaveNet: n/a
netVersion: n/a
netRelease: n/a
Num Peers: n/a


Accepted: 0, Rejected: 0, Stale: 0

ERROR:: Node is probably offline: Error: connect ECONNREFUSED 127.0.0.1:1984

=========================
LOG HASHRATE LENGTH: -1

Current Hashrate: 0 h/s
Average Hashrate: 0 h/s
Total Hashrate: 0

arweaveNet: n/a
netVersion: n/a
netRelease: n/a
Num Peers: n/a

